<?xml version="1.0" encoding="UTF-8"?>
<!-- Generated by org.testng.reporters.JUnitReportReporter -->
<testsuite hostname="DESKTOP-EOUGH6M" failures="0" tests="6" name="testNG.GroupExecution" time="0.030" errors="0" timestamp="2023-08-17T11:16:52 IST" skipped="0">
  <testcase classname="testNG.GroupExecution" name="signout" time="0.004"/>
  <testcase classname="testNG.GroupExecution" name="signup" time="0.004"/>
  <testcase classname="testNG.GroupExecution" name="logout" time="0.004"/>
  <testcase classname="testNG.GroupExecution" name="delete" time="0.006"/>
  <testcase classname="testNG.GroupExecution" name="login" time="0.007"/>
  <testcase classname="testNG.GroupExecution" name="compose" time="0.005"/>
  <system-out>
    <![CDATA[this is homea page]]>
  </system-out>
</testsuite> <!-- testNG.GroupExecution -->
