<?xml version="1.0" encoding="UTF-8"?>
<!-- Generated by org.testng.reporters.JUnitReportReporter -->
<testsuite hostname="DESKTOP-EOUGH6M" failures="0" tests="1" name="testNG.FacebookTest" time="7.546" errors="0" timestamp="2023-08-18T10:18:09 IST" skipped="0">
  <testcase classname="testNG.FacebookTest" name="facebookTest" time="7.546"/>
</testsuite> <!-- testNG.FacebookTest -->
