<?xml version="1.0" encoding="UTF-8"?>
<!-- Generated by org.testng.reporters.JUnitReportReporter -->
<testsuite hostname="DESKTOP-EOUGH6M" failures="0" tests="5" name="testNG.InvocationCount" time="0.123" errors="0" timestamp="2023-08-18T11:04:16 IST" skipped="0">
  <testcase classname="testNG.InvocationCount" name="demo" time="0.008"/>
  <testcase classname="testNG.InvocationCount" name="demo" time="0.008"/>
  <testcase classname="testNG.InvocationCount" name="demo" time="0.009"/>
  <testcase classname="testNG.InvocationCount" name="demo" time="0.005"/>
  <testcase classname="testNG.InvocationCount" name="demo" time="0.093"/>
</testsuite> <!-- testNG.InvocationCount -->
