<?xml version="1.0" encoding="UTF-8"?>
<!-- Generated by org.testng.reporters.JUnitReportReporter -->
<testsuite hostname="DESKTOP-EOUGH6M" failures="0" tests="1" name="testNG.Googletest" time="16.991" errors="0" timestamp="2023-08-18T10:18:09 IST" skipped="0">
  <testcase classname="testNG.Googletest" name="googleTest" time="16.991"/>
</testsuite> <!-- testNG.Googletest -->
