<?xml version="1.0" encoding="UTF-8"?>
<!-- Generated by org.testng.reporters.JUnitReportReporter -->
<testsuite hostname="DESKTOP-EOUGH6M" failures="0" tests="3" name="testNG.Priority" time="0.014" errors="0" timestamp="2023-08-17T11:16:51 IST" skipped="0">
  <testcase classname="testNG.Priority" name="qspiders" time="0.005"/>
  <testcase classname="testNG.Priority" name="jspiders" time="0.005"/>
  <testcase classname="testNG.Priority" name="pyspiders" time="0.004"/>
  <system-out>
    <![CDATA[this is homea page]]>
  </system-out>
</testsuite> <!-- testNG.Priority -->
