<?xml version="1.0" encoding="UTF-8"?>
<!-- Generated by org.testng.reporters.JUnitReportReporter -->
<testsuite hostname="DESKTOP-EOUGH6M" failures="0" tests="3" name="testNG.DisableTestScripts" time="0.012" errors="0" timestamp="2023-08-17T11:16:51 IST" skipped="1">
  <testcase classname="testNG.DisableTestScripts" name="qspiders" time="0.007"/>
  <testcase classname="testNG.DisableTestScripts" name="pyspiders" time="0.005"/>
  <testcase classname="testNG.DisableTestScripts" name="jspiders">
    <skipped/>
  </testcase> <!-- jspiders -->
  <system-out>
    <![CDATA[this is homea page]]>
  </system-out>
</testsuite> <!-- testNG.DisableTestScripts -->
