<?xml version="1.0" encoding="UTF-8"?>
<!-- Generated by org.testng.reporters.JUnitReportReporter -->
<testsuite hostname="DESKTOP-EOUGH6M" failures="0" tests="4" name="testNG.DataProviderTest" time="0.078" errors="0" timestamp="2023-08-18T11:26:13 IST" skipped="0">
  <testcase classname="testNG.DataProviderTest" name="trainer" time="0.007"/>
  <testcase classname="testNG.DataProviderTest" name="trainer" time="0.007"/>
  <testcase classname="testNG.DataProviderTest" name="trainer" time="0.056"/>
  <testcase classname="testNG.DataProviderTest" name="trainer" time="0.008"/>
</testsuite> <!-- testNG.DataProviderTest -->
