<?xml version="1.0" encoding="UTF-8"?>
<!-- Generated by org.testng.reporters.JUnitReportReporter -->
<testsuite hostname="DESKTOP-EOUGH6M" failures="0" tests="1" name="testNG.DemoClass" time="0.023" errors="0" timestamp="2023-08-17T11:16:51 IST" skipped="0">
  <testcase classname="testNG.DemoClass" name="verifyHomePage" time="0.023">
    <system-out>
      <![CDATA[this is homea page]]>
    </system-out>
  </testcase> <!-- verifyHomePage -->
  <system-out>
    <![CDATA[this is homea page]]>
  </system-out>
</testsuite> <!-- testNG.DemoClass -->
